SCIP version 3.0.0 [precision: 8 byte] [memory: block] [mode: optimized] [LP solver: SoPlex 1.7.0] [GitHash: c95600b]
Copyright (c) 2002-2012 Konrad-Zuse-Zentrum fuer Informationstechnik Berlin (ZIB)

External codes: 
  SoPlex 1.7.0         Linear Programming Solver developed at Zuse Institute Berlin (soplex.zib.de) [GitHash: 1bd5628]
  cppad-20120101.3     Algorithmic Differentiation of C++ algorithms developed by B. Bell (www.coin-or.org/CppAD)
  ZLIB 1.2.5           General purpose compression library by J. Gailly and M. Adler (zlib.net)
  GMP 5.0.2            GNU Multiple Precision Arithmetic Library developed by T. Granlund (gmplib.org)
  ZIMPL 3.3.0          Zuse Institute Mathematical Programming Language developed by T. Koch (zimpl.zib.de)
  Ipopt 3.10.2         Interior Point Optimizer developed by A. Waechter et.al. (www.coin-or.org/Ipopt)

reading user parameter file </kb/module/work/tmp/fbajobs//BTtqzgFKmJ/ScipSettings.txt>
numerics/lpfeastol = 1e-09

read problem </kb/module/work/tmp/fbajobs//BTtqzgFKmJ/Problem.lp>
============

original problem has 1365 variables (0 bin, 0 int, 0 impl, 1365 cont) and 1089 constraints

solve problem
=============

presolving:
(round 1) 646 del vars, 771 del conss, 0 add conss, 179 chg bounds, 0 chg sides, 0 chg coeffs, 0 upgd conss, 0 impls, 0 clqs
(round 2) 707 del vars, 842 del conss, 0 add conss, 269 chg bounds, 8 chg sides, 0 chg coeffs, 0 upgd conss, 0 impls, 0 clqs
(round 3) 944 del vars, 853 del conss, 0 add conss, 300 chg bounds, 8 chg sides, 0 chg coeffs, 0 upgd conss, 0 impls, 0 clqs
(round 4) 961 del vars, 855 del conss, 0 add conss, 319 chg bounds, 8 chg sides, 0 chg coeffs, 0 upgd conss, 0 impls, 0 clqs
(round 5) 963 del vars, 856 del conss, 0 add conss, 323 chg bounds, 8 chg sides, 0 chg coeffs, 0 upgd conss, 0 impls, 0 clqs
(round 6) 963 del vars, 864 del conss, 0 add conss, 323 chg bounds, 9 chg sides, 0 chg coeffs, 0 upgd conss, 0 impls, 0 clqs
presolving (7 rounds):
 963 deleted vars, 864 deleted constraints, 0 added constraints, 323 tightened bounds, 0 added holes, 9 changed sides, 0 changed coefficients
 0 implications, 0 cliques
presolved problem has 402 variables (0 bin, 0 int, 0 impl, 402 cont) and 225 constraints
    225 constraints of type <linear>
Presolving Time: 0.02

 time | node  | left  |LP iter|LP it/n| mem |mdpt |frac |vars |cons |cols |rows |cuts |confs|strbr|  dualbound   | primalbound  |  gap   
* 0.0s|     1 |     0 |   300 |     - |3603k|   0 |   - | 402 | 225 | 402 | 225 |   0 |   0 |   0 | 3.397546e+02 | 3.397546e+02 |   0.00%
  0.0s|     1 |     0 |   300 |     - |3603k|   0 |   - | 402 | 225 | 402 | 225 |   0 |   0 |   0 | 3.397546e+02 | 3.397546e+02 |   0.00%

SCIP Status        : problem is solved [optimal solution found]
Solving Time (sec) : 0.03
Solving Nodes      : 1
Primal Bound       : +3.39754567219630e+02 (1 solutions)
Dual Bound         : +3.39754567219630e+02
Gap                : 0.00 %

primal solution:
================

objective value:                      339.75456721963
x3                                 0.0254024724683525 	(obj:1)
x4                                  0.258816625227684 	(obj:1)
x11                                  0.53054488888328 	(obj:1)
x16                                  0.50783417417664 	(obj:1)
x17                               0.00471747505983858 	(obj:1)
x22                               0.00826443895960423 	(obj:1)
x25                                0.0733930716426658 	(obj:1)
x27                               0.00314498337322572 	(obj:1)
x46                               0.00471747505983858 	(obj:1)
x47                               0.00628996674645144 	(obj:1)
x51                                 0.322841345138099 	(obj:1)
x57                              0.000689964623974871 	(obj:1)
x63                                 0.364648943379257 	(obj:1)
x67                                0.0774818633928848 	(obj:1)
x79                                  38.8614041287515 	(obj:1)
x83                                0.0216297587352541 	(obj:1)
x86                                 0.157656417648421 	(obj:1)
x92                                  38.8614041287515 	(obj:1)
x95                                  38.8614041287515 	(obj:1)
x98                                 0.190635285385661 	(obj:1)
x103                                0.173159679205345 	(obj:1)
x118                              0.00157249168661313 	(obj:1)
x121                               0.0127012362341929 	(obj:1)
x124                                 13.5569365868805 	(obj:1)
x125                                0.177453399054647 	(obj:1)
x126                              0.00314498337320401 	(obj:1)
x130                                0.754989340601086 	(obj:1)
x133                              0.00826443895960423 	(obj:1)
x134                                0.173159679205345 	(obj:1)
x136                                0.244863328594749 	(obj:1)
x144                                0.187934058349398 	(obj:1)
x156                               0.0127012362341762 	(obj:1)
x158                                0.106561139146999 	(obj:1)
x160                                0.177453399054647 	(obj:1)
x163                               0.0432595174705083 	(obj:1)
x165                                0.364648943379257 	(obj:1)
x172                               0.0207083535936167 	(obj:1)
x184                                 5.13598979905899 	(obj:1)
x192                              0.00314498337322572 	(obj:1)
x195                                 1.47557452064324 	(obj:1)
x209                               0.0381037087025287 	(obj:1)
x210                                0.157656417648421 	(obj:1)
x224                                0.158284180259211 	(obj:1)
x225                                0.158284180259211 	(obj:1)
x227                              0.00471747505983858 	(obj:1)
x236                               0.0845336891154643 	(obj:1)
x243                                 4.16547576124381 	(obj:1)
x246                                0.258816625227684 	(obj:1)
x247                                0.396185961468418 	(obj:1)
x250                               0.0127012362341762 	(obj:1)
x257                                 0.12279354681425 	(obj:1)
x259                              0.00800711735944048 	(obj:1)
x262                               0.0508049449367049 	(obj:1)
x268                                 1.99835498001144 	(obj:1)
x269                               0.0508049449367049 	(obj:1)
x272                                0.107189946942867 	(obj:1)
x274                              0.00540743968383595 	(obj:1)
x286                                 1.60123067666404 	(obj:1)
x288                                0.482781249369734 	(obj:1)
x290                              0.00157249168661286 	(obj:1)
x297                               0.0508049449367049 	(obj:1)
x311                                0.190448125491834 	(obj:1)
x313                               0.0162223190513942 	(obj:1)
x314                                 0.01100744180629 	(obj:1)
x352                              0.00314498337322572 	(obj:1)
x358                                0.482781249369734 	(obj:1)
x364                               0.0733930716426658 	(obj:1)
x365                               0.0432595174705083 	(obj:1)
x368                                 3.32339898896452 	(obj:1)
x370                              0.00826443895960423 	(obj:1)
x375                                0.173159679205345 	(obj:1)
x378                              0.00157249168661286 	(obj:1)
x381                               0.0628561955294526 	(obj:1)
x382                                 0.50783417417664 	(obj:1)
x392                                0.158284180259211 	(obj:1)
x394                                 2.81949184175836 	(obj:1)
x407                                 2.49979466854057 	(obj:1)
x422                               0.0162223190514406 	(obj:1)
x423                                0.076626669656941 	(obj:1)
x442                                0.264289221720768 	(obj:1)
x446                               0.0733930716426658 	(obj:1)
x454                               0.0216297587352541 	(obj:1)
x455                              0.00314498337322533 	(obj:1)
x468                               0.0973339143086436 	(obj:1)
x477                              0.00157249168661286 	(obj:1)
x478                              0.00471747505983866 	(obj:1)
x495                                 1.19262663647994 	(obj:1)
x498                                0.158284180259211 	(obj:1)
x501                                 2.98368155615034 	(obj:1)
x508                                0.125281077228537 	(obj:1)
x513                              0.00755586613846113 	(obj:1)
x522                               0.0162223190514406 	(obj:1)
x539                              0.00314498337322572 	(obj:1)
x551                                 2.98299159152636 	(obj:1)
x553                               0.0254024724683524 	(obj:1)
x559                                 4.93649381882916 	(obj:1)
x571                                0.003144983373226 	(obj:1)
x579                               0.0381037087025287 	(obj:1)
x585                               0.0845336891154643 	(obj:1)
x614                              0.00157249168660201 	(obj:1)
x616                               0.0174187112940148 	(obj:1)
x619                               0.0402527648857358 	(obj:1)
x625                              0.00628996674645144 	(obj:1)
x628                                0.251274712482183 	(obj:1)
x630                               0.0127012362341929 	(obj:1)
x634                                 2.31052699504931 	(obj:1)
x645                              0.00471747505983858 	(obj:1)
x655                              0.00157249168660201 	(obj:1)
x657                                 1.10207151248062 	(obj:1)
x668                               0.0254024724683524 	(obj:1)
x683                               0.0770981433093938 	(obj:1)
x688                                0.178876050699955 	(obj:1)
x692                                0.173159679205345 	(obj:1)
x693                              0.00471747505983858 	(obj:1)
x705                                0.339717432814182 	(obj:1)
x707                                0.125281077228537 	(obj:1)
x712                              0.00157249168661286 	(obj:1)
x716                               0.0733930716426658 	(obj:1)
x717                                 38.7978979475806 	(obj:1)
x720                                0.264289221720768 	(obj:1)
x729                              0.00157249168661286 	(obj:1)
x734                              0.00540743968383595 	(obj:1)
x737                                 33.8614041287514 	(obj:1)
x738                                0.106561139146999 	(obj:1)
x741                              0.00471747505983886 	(obj:1)
x744                              0.00314498337322572 	(obj:1)
x746                                0.190635285385611 	(obj:1)
x752                              0.00157249168661286 	(obj:1)
x756                               0.0222808452802292 	(obj:1)
x762                              0.00157249168660201 	(obj:1)
x767                              0.00943495011967716 	(obj:1)
x773                              0.00943495011967716 	(obj:1)
x787                                 38.8614041287515 	(obj:1)
x790                                0.003144983373226 	(obj:1)
x813                                0.125281077228578 	(obj:1)
x820                                0.339717432814182 	(obj:1)
x831                                0.114240708086777 	(obj:1)
x838                                0.476229735076527 	(obj:1)
x839                               0.0174187112940148 	(obj:1)
x841                              0.00826443895960423 	(obj:1)
x851                               0.0848911086165452 	(obj:1)
x859                              0.00157249168660201 	(obj:1)
x862                                0.251274712482183 	(obj:1)
x867                                0.158284180259211 	(obj:1)
x869                              0.00669194727299137 	(obj:1)
x871                               0.0127012362341929 	(obj:1)
x876                                0.259539151441788 	(obj:1)
x884                                 0.53054488888328 	(obj:1)
x885                              0.00540743968383595 	(obj:1)
x889                               0.0612837038428397 	(obj:1)
x894                                0.071820579956053 	(obj:1)
x904                               0.0862062787029944 	(obj:1)
x929                              0.00800711735944048 	(obj:1)
x934                              0.00157249168661286 	(obj:1)
x935                                 4.93649381882916 	(obj:1)
x942                                 1.97080956223512 	(obj:1)
x944                                0.157656417648421 	(obj:1)
x954                               0.0127245924192791 	(obj:1)
x962                               0.0191956311127633 	(obj:1)
x965                               0.0784702776143149 	(obj:1)
x968                               0.0508049449367049 	(obj:1)
x970                               0.0508049449367049 	(obj:1)
x971                               0.0127012362341762 	(obj:1)
x972                              0.00157249168661286 	(obj:1)
x973                               0.0936215992285452 	(obj:1)
x974                               0.0432595174705083 	(obj:1)
x975                               0.0432595174705083 	(obj:1)
x976                                0.339717432814182 	(obj:1)
x977                               0.0239707476285647 	(obj:1)
x978                              0.00314498337322572 	(obj:1)
x979                               0.0254024724683524 	(obj:1)
x980                              0.00157249168661286 	(obj:1)
x981                              0.00157249168661286 	(obj:1)
x982                               0.0432595174705083 	(obj:1)
x983                              0.00826443895960423 	(obj:1)
x984                               0.0508049449367049 	(obj:1)
x985                               0.0162715563190447 	(obj:1)
x986                              0.00157249168661286 	(obj:1)
x987                               0.0127012362341762 	(obj:1)
x988                              0.00157249168661286 	(obj:1)
x989                              0.00157249168661286 	(obj:1)
x990                               0.0432595174705083 	(obj:1)
x991                                0.364648943379257 	(obj:1)
x992                              0.00540743968381353 	(obj:1)
x993                               0.0245359952786489 	(obj:1)
x994                              0.00314498337322572 	(obj:1)
x995                               0.0432595174705083 	(obj:1)
x996                              0.00157249168661286 	(obj:1)
x997                                0.122793546814252 	(obj:1)
x998                                0.735717805118727 	(obj:1)
x999                                0.296457915343673 	(obj:1)
x1000                               0.177453399054647 	(obj:1)
x1001                              0.0432595174705083 	(obj:1)
x1002                             0.00471747505983866 	(obj:1)
x1003                              0.0254024724683524 	(obj:1)
x1004                             0.00540743968381353 	(obj:1)
x1005                              0.0254024724683525 	(obj:1)
x1006                             0.00157249168661286 	(obj:1)
x1007                               0.334967982662035 	(obj:1)
x1008                             0.00628996674645144 	(obj:1)
x1009                              0.0127012362341762 	(obj:1)
x1010                             0.00157249168661286 	(obj:1)
x1011                               0.040252764885703 	(obj:1)
x1012                               0.372656319458837 	(obj:1)
x1013                             0.00157249168661286 	(obj:1)
x1014                              0.0127012362341762 	(obj:1)
x1015                             0.00157249168661286 	(obj:1)
x1016                              0.0127012362341762 	(obj:1)
x1017                              0.0508049449367049 	(obj:1)
x1018                              0.0254024724683524 	(obj:1)
x1019                               0.339717432814182 	(obj:1)
x1020                               0.122793546814252 	(obj:1)
x1021                              0.0432595174705083 	(obj:1)
x1022                               0.372656319458837 	(obj:1)
x1023                              0.0432595174705083 	(obj:1)
x1024                              0.0508049449367049 	(obj:1)
x1025                               0.125281077228537 	(obj:1)
x1026                              0.0432595174705083 	(obj:1)
x1027                              0.0432595174705083 	(obj:1)
x1028                              0.0508049449367049 	(obj:1)
x1029                               0.040252764885703 	(obj:1)
x1030                              0.0432595174705083 	(obj:1)
x1031                                0.50783417417664 	(obj:1)
x1032                             0.00540743968381353 	(obj:1)
x1033                              0.0127012362341762 	(obj:1)
x1034                              0.0784702776142636 	(obj:1)
x1035                             0.00157249168661286 	(obj:1)
x1036                               0.372656319458837 	(obj:1)
x1037                              0.0216297587352541 	(obj:1)
x1038                              0.0381037087025287 	(obj:1)
x1039                               0.190635285385661 	(obj:1)
x1040                               0.040252764885703 	(obj:1)
x1041                              0.0127012362341762 	(obj:1)
x1042                             0.00157249168661286 	(obj:1)
x1043                                0.17902589074126 	(obj:1)
x1044                              0.0174187112940148 	(obj:1)
x1045                             0.00157249168661286 	(obj:1)
x1046                             0.00157249168661286 	(obj:1)
x1047                              0.0162223190514406 	(obj:1)
x1048                              0.0127012362341762 	(obj:1)
x1049                             0.00157249168661286 	(obj:1)
x1050                                2.98368155615034 	(obj:1)
x1051                               0.372260708624069 	(obj:1)
x1052                             0.00078624584330643 	(obj:1)
x1053                             0.00314498337322572 	(obj:1)
x1054                             0.00157249168661286 	(obj:1)
x1055                               0.075909371706272 	(obj:1)
x1056                             0.00471747505983866 	(obj:1)
x1057                               0.173159679205345 	(obj:1)
x1058                              0.0432595174705083 	(obj:1)
x1059                              0.0127012362341762 	(obj:1)
x1060                               0.177453399054647 	(obj:1)
x1061                              0.0254024724683524 	(obj:1)
x1062                               0.158284180259211 	(obj:1)
x1063                                2.17950385703436 	(obj:1)
x1064                             0.00540743968381353 	(obj:1)
x1065                              0.0993000942238467 	(obj:1)
x1066                              0.0432595174705083 	(obj:1)
x1067                              0.0100395994386384 	(obj:1)
x1068                               0.101988746985686 	(obj:1)
x1069                              0.0432595174705083 	(obj:1)
x1070                             0.00157249168661286 	(obj:1)
x1071                               0.258816625227684 	(obj:1)
x1072                               0.158284180259211 	(obj:1)
x1073                               0.144955181414245 	(obj:1)
x1074                              0.0936215992285452 	(obj:1)
x1075                              0.0432595174705083 	(obj:1)
x1076                               0.173159679205345 	(obj:1)
x1077                              0.0127012362341762 	(obj:1)
x1078                              0.0127012362341762 	(obj:1)
x1079                              0.0127012362341762 	(obj:1)
x1080                              0.0508049449367049 	(obj:1)
x1081                               0.125281077228537 	(obj:1)
x1082                              0.0127012362341762 	(obj:1)
x1083                             0.00800711735944048 	(obj:1)
x1084                              0.0432595174705083 	(obj:1)
x1085                              0.0127012362341762 	(obj:1)
x1086                               0.106561139146999 	(obj:1)
x1087                              0.0508049449367049 	(obj:1)
x1088                              0.0664744215865948 	(obj:1)
x1089                               0.431976304433029 	(obj:1)
x1090                              0.0127012362341762 	(obj:1)
x1091                             0.00157249168661286 	(obj:1)
x1092                              0.0195572852638027 	(obj:1)
x1093                             0.00157249168661286 	(obj:1)
x1094                              0.0432595174705083 	(obj:1)
x1095                              0.0432595174705083 	(obj:1)
x1096                             0.00471747505983866 	(obj:1)
x1097                            0.000689964623974871 	(obj:1)
x1098                               0.528514517563776 	(obj:1)
x1099                              0.0162223190514406 	(obj:1)
x1100                             0.00755586613846113 	(obj:1)
x1101                               0.396185961468418 	(obj:1)
x1102                              0.0251598669858058 	(obj:1)
x1103                               0.334967982662035 	(obj:1)
x1104                               0.157656417648421 	(obj:1)
x1105                                5.00000000000004 	(obj:1)
x1106                             0.00157249168661286 	(obj:1)
x1107                               0.160034687760632 	(obj:1)
x1108                              0.0164148814901036 	(obj:1)
x1109                               0.003144983373226 	(obj:1)
x1110                             0.00314498337322572 	(obj:1)
x1111                               0.364648943379257 	(obj:1)
x1112                              0.0633016216764904 	(obj:1)
x1113                              0.0432595174705083 	(obj:1)
x1114                               0.122793546814252 	(obj:1)
x1115                             0.00117936876495965 	(obj:1)
x1116                               0.003144983373226 	(obj:1)
x1117                             0.00078624584330643 	(obj:1)
x1118                              0.0432595174705083 	(obj:1)
x1119                              0.0432595174705083 	(obj:1)
x1120                              0.0432595174705083 	(obj:1)
x1121                               0.173159679205345 	(obj:1)
x1122                             0.00540743968381353 	(obj:1)
x1123                             0.00157249168661286 	(obj:1)
x1124                              0.0432595174705083 	(obj:1)
x1125                                2.18359488504023 	(obj:1)
x1126                               0.208011680290979 	(obj:1)
x1127                             0.00314498337322533 	(obj:1)
x1128                             0.00826443895960423 	(obj:1)
x1129                              0.0508049449367049 	(obj:1)
x1130                             0.00540743968381353 	(obj:1)
x1131                              0.0633016216764904 	(obj:1)
x1132                              0.0432595174705083 	(obj:1)
x1133                              0.0432595174705083 	(obj:1)
x1134                               0.412353124240592 	(obj:1)
x1135                              0.0216297587352541 	(obj:1)
x1136                              0.0432595174705083 	(obj:1)
x1137                              0.0432595174705083 	(obj:1)
x1138                              0.0127012362341762 	(obj:1)
x1139                              0.0127012362341762 	(obj:1)
x1140                             0.00314498337322572 	(obj:1)
x1141                              0.0254024724683524 	(obj:1)
x1142                              0.0127012362341762 	(obj:1)
x1143                              0.0201263824428515 	(obj:1)
x1144                               0.110160809681369 	(obj:1)
x1145                              0.0432595174705083 	(obj:1)
x1146                             0.00157249168661286 	(obj:1)
x1147                             0.00157249168661286 	(obj:1)
x1148                              0.0508049449367049 	(obj:1)
x1149                               0.364648943379257 	(obj:1)
x1150                             0.00157249168661286 	(obj:1)
x1151                             0.00157249168661286 	(obj:1)
x1152                              0.0432595174705083 	(obj:1)
x1153                              0.0127012362341762 	(obj:1)
x1154                              0.0612837038428397 	(obj:1)
x1155                              0.0432595174705083 	(obj:1)
x1156                              0.0127012362341762 	(obj:1)
x1157                              0.0784702776142636 	(obj:1)
x1158                              0.0127012362341762 	(obj:1)
x1159                              0.0432595174705083 	(obj:1)
x1160                             0.00157249168661286 	(obj:1)
x1161                              0.0432595174705083 	(obj:1)
x1162                             0.00157249168661286 	(obj:1)
x1163                              0.0432595174705083 	(obj:1)
x1164                             0.00314498337322533 	(obj:1)
x1165                             0.00755586613846113 	(obj:1)
x1166                              0.0432595174705083 	(obj:1)
x1167                              0.0127012362341762 	(obj:1)
x1168                               0.334967982662035 	(obj:1)
x1169                              0.0127012362341762 	(obj:1)
x1170                              0.0427106902011656 	(obj:1)
x1171                             0.00314498337322533 	(obj:1)
x1172                              0.0432595174705083 	(obj:1)
x1173                                 2.6417956698686 	(obj:1)
x1174                             0.00157249168661286 	(obj:1)
x1175                             0.00157249168661286 	(obj:1)
x1176                               0.177453399054647 	(obj:1)
x1177                             0.00157249168661286 	(obj:1)
x1178                              0.0216297587352541 	(obj:1)
x1179                             0.00157249168661286 	(obj:1)
x1180                              0.0432595174705083 	(obj:1)
x1181                             0.00157249168661286 	(obj:1)
x1182                              0.0127012362341762 	(obj:1)
x1183                              0.0127012362341762 	(obj:1)
x1184                             0.00157249168661286 	(obj:1)
x1185                              0.0508049449367049 	(obj:1)
x1186                              0.0432595174705083 	(obj:1)
x1187                              0.0216297587352541 	(obj:1)
x1188                              0.0432595174705083 	(obj:1)
x1189                              0.0164148814901036 	(obj:1)
x1190                              0.0633016216764904 	(obj:1)
x1191                              0.0127012362341762 	(obj:1)
x1192                              0.0125799334929029 	(obj:1)
x1193                             0.00157249168661286 	(obj:1)
x1194                              0.0432595174705083 	(obj:1)
x1195                              0.0432595174705083 	(obj:1)
x1196                             0.00157249168661286 	(obj:1)
x1197                             0.00157249168661286 	(obj:1)
x1198                             0.00314498337322572 	(obj:1)
x1199                             0.00157249168661286 	(obj:1)
x1200                              0.0127012362341762 	(obj:1)
x1201                             0.00540743968381353 	(obj:1)
x1202                              0.0164148814901036 	(obj:1)
x1203                             0.00314498337322572 	(obj:1)
x1204                              0.0432595174705083 	(obj:1)
x1205                             0.00314498337322572 	(obj:1)
x1206                              0.0432595174705083 	(obj:1)
x1207                               0.003144983373226 	(obj:1)
x1208                              0.0692281247906133 	(obj:1)
x1209                             0.00157249168661286 	(obj:1)
x1210                              0.0162223190514406 	(obj:1)
x1211                                 2.6417956698686 	(obj:1)
x1212                               0.003144983373226 	(obj:1)
x1213                             0.00471747505983866 	(obj:1)
x1214                              0.0432595174705083 	(obj:1)
x1215                               0.157656417648421 	(obj:1)
x1216                              0.0432595174705083 	(obj:1)
x1217                              0.0432595174705083 	(obj:1)
x1218                             0.00800711735944048 	(obj:1)
x1219                              0.0432595174705083 	(obj:1)
x1220                              0.0127012362341762 	(obj:1)
x1221                             0.00157249168661286 	(obj:1)
x1222                              0.0127012362341762 	(obj:1)
x1223                              0.0381037087025287 	(obj:1)
x1224                              0.0432595174705083 	(obj:1)
x1225                              0.0432595174705083 	(obj:1)
x1226                              0.0127012362341762 	(obj:1)
x1227                              0.0432595174705083 	(obj:1)
x1228                              0.0254024724683524 	(obj:1)
x1229                              0.0432595174705083 	(obj:1)
x1230                             0.00800711735944048 	(obj:1)
x1231                               0.264289221720768 	(obj:1)
x1232                             0.00157249168661286 	(obj:1)
x1233                             0.00471747505983866 	(obj:1)
x1234                             0.00471747505983866 	(obj:1)
x1235                              0.0254024724683524 	(obj:1)
x1236                              0.0432595174705083 	(obj:1)
x1237                             0.00157249168661286 	(obj:1)
x1238                              0.0432595174705083 	(obj:1)
x1239                              0.0432595174705083 	(obj:1)
x1240                              0.0127012362341762 	(obj:1)
x1241                             0.00157249168661286 	(obj:1)
x1242                              0.0432595174705083 	(obj:1)
x1243                              0.0432595174705083 	(obj:1)
x1244                              0.0127012362341762 	(obj:1)
x1245                             0.00157249168661286 	(obj:1)
x1246                                0.11143417931875 	(obj:1)
x1247                             0.00157249168661286 	(obj:1)
x1248                             0.00314498337322533 	(obj:1)
x1249                                2.38751553732533 	(obj:1)
x1250                             0.00314498337322572 	(obj:1)
x1251                              0.0216297587352541 	(obj:1)
x1252                             0.00157249168661286 	(obj:1)
x1253                              0.0432595174705083 	(obj:1)
x1254                             0.00314498337322572 	(obj:1)
x1255                             0.00755586613846113 	(obj:1)
x1256                              0.0432595174705083 	(obj:1)
x1257                              0.0432595174705083 	(obj:1)
x1258                              0.0162223190514406 	(obj:1)
x1259                               0.113006671005363 	(obj:1)
x1260                             0.00157249168661313 	(obj:1)
x1261                              0.0432595174705083 	(obj:1)
x1262                                0.50783417417664 	(obj:1)
x1340                                -5.7756465375539 	(obj:0)
x1341                               -13.5569365868805 	(obj:0)
x1342                                5.13598979905899 	(obj:0)
x1347                             0.00157249168661286 	(obj:0)
x1348                               -2.98299159152636 	(obj:0)
x1349                             0.00628996674645144 	(obj:0)
x1350                              -0.264289221720768 	(obj:0)
x1351                              -0.476229735076527 	(obj:0)
x1352                              -0.259539151441788 	(obj:0)
x1354                             -0.0191956311127633 	(obj:0)
x1355                             0.00157249168661286 	(obj:0)
x1356                             0.00157249168661286 	(obj:0)
x1357                             0.00157249168661286 	(obj:0)
x1358                                5.00000000000004 	(obj:0)
x1359                               0.412353124240592 	(obj:0)
x1360                             0.00157249168661286 	(obj:0)
x1361                             0.00157249168661286 	(obj:0)
x1362                             0.00157249168661286 	(obj:0)
x1363                             0.00157249168661286 	(obj:0)
x1364                               0.113006671005363 	(obj:0)
x1365                               -0.50783417417664 	(obj:0)

Statistics
==========

SCIP Status        : problem is solved [optimal solution found]
Total Time         :       0.04
  solving          :       0.03
  presolving       :       0.02 (included in solving)
  reading          :       0.01
  copying          :       0.00 (0 times copied the problem)
Original Problem   :
  Problem name     : /kb/module/work/tmp/fbajobs//BTtqzgFKmJ/Problem.lp
  Variables        : 1365 (0 binary, 0 integer, 0 implicit integer, 1365 continuous)
  Constraints      : 1089 initial, 1089 maximal
  Objective sense  : minimize
Presolved Problem  :
  Problem name     : t_/kb/module/work/tmp/fbajobs//BTtqzgFKmJ/Problem.lp
  Variables        : 402 (0 binary, 0 integer, 0 implicit integer, 402 continuous)
  Constraints      : 225 initial, 225 maximal
Presolvers         :   ExecTime  SetupTime  Calls  FixedVars   AggrVars   ChgTypes  ChgBounds   AddHoles    DelCons    AddCons   ChgSides   ChgCoefs
  boundshift       :       0.00       0.00      0          0          0          0          0          0          0          0          0          0
  components       :       0.00       0.00      1          0          0          0          0          0          0          0          0          0
  convertinttobin  :       0.00       0.00      0          0          0          0          0          0          0          0          0          0
  domcol           :       0.00       0.00      1          0          0          0          0          0          0          0          0          0
  dualfix          :       0.00       0.00      7        330          0          0          0          0          0          0          0          0
  gateextraction   :       0.00       0.00      0          0          0          0          0          0          0          0          0          0
  implics          :       0.00       0.00      7          0          0          0          0          0          0          0          0          0
  inttobinary      :       0.00       0.00      0          0          0          0          0          0          0          0          0          0
  trivial          :       0.00       0.00      7          0          0          0          0          0          0          0          0          0
  genvbounds       :       0.00       0.00      0          0          0          0          0          0          0          0          0          0
  probing          :       0.00       0.00      0          0          0          0          0          0          0          0          0          0
  pseudoobj        :       0.00       0.00      0          0          0          0          0          0          0          0          0          0
  linear           :       0.02       0.00      1         90        543          0        323          0        864          0          9          0
  root node        :          -          -      -          0          -          -          0          -          -          -          -          -
Constraints        :     Number  MaxNumber  #Separate #Propagate    #EnfoLP    #EnfoPS     #Check   #ResProp    Cutoffs    DomReds       Cuts    Applied      Conss   Children
  integral         :          0          0          0          0          0          0          5          0          0          0          0          0          0          0
  linear           :        225        225          0          1          0          0          4          0          0          0          0          0          0          0
  countsols        :          0          0          0          0          0          0          2          0          0          0          0          0          0          0
Constraint Timings :  TotalTime  SetupTime   Separate  Propagate     EnfoLP     EnfoPS      Check    ResProp
  integral         :       0.00       0.00       0.00       0.00       0.00       0.00       0.00       0.00
  linear           :       0.00       0.00       0.00       0.00       0.00       0.00       0.00       0.00
  countsols        :       0.00       0.00       0.00       0.00       0.00       0.00       0.00       0.00
Propagators        : #Propagate   #ResProp    Cutoffs    DomReds
  genvbounds       :          0          0          0          0
  obbt             :          0          0          0          0
  probing          :          0          0          0          0
  pseudoobj        :          1          0          0          0
  redcost          :          0          0          0          0
  rootredcost      :          0          0          0          0
  vbounds          :          0          0          0          0
Propagator Timings :  TotalTime  SetupTime   Presolve  Propagate    ResProp
  genvbounds       :       0.00       0.00       0.00       0.00       0.00
  obbt             :       0.00       0.00       0.00       0.00       0.00
  probing          :       0.00       0.00       0.00       0.00       0.00
  pseudoobj        :       0.00       0.00       0.00       0.00       0.00
  redcost          :       0.00       0.00       0.00       0.00       0.00
  rootredcost      :       0.00       0.00       0.00       0.00       0.00
  vbounds          :       0.00       0.00       0.00       0.00       0.00
Conflict Analysis  :       Time      Calls    Success  Conflicts   Literals    Reconvs ReconvLits   LP Iters
  propagation      :       0.00          0          0          0        0.0          0        0.0          -
  infeasible LP    :       0.00          0          0          0        0.0          0        0.0          0
  bound exceed. LP :       0.00          0          0          0        0.0          0        0.0          0
  strong branching :       0.00          0          0          0        0.0          0        0.0          0
  pseudo solution  :       0.00          0          0          0        0.0          0        0.0          -
  applied globally :          -          -          -          0        0.0          -          -          -
  applied locally  :          -          -          -          0        0.0          -          -          -
Separators         :   ExecTime  SetupTime      Calls    Cutoffs    DomReds       Cuts    Applied      Conss
  cut pool         :       0.00                     0          -          -          0          -          -    (maximal pool size: 0)
  cgmip            :       0.00       0.00          0          0          0          0          0          0
  clique           :       0.00       0.00          0          0          0          0          0          0
  closecuts        :       0.00       0.00          0          0          0          0          0          0
  cmir             :       0.00       0.00          0          0          0          0          0          0
  flowcover        :       0.00       0.00          0          0          0          0          0          0
  gomory           :       0.00       0.00          0          0          0          0          0          0
  impliedbounds    :       0.00       0.00          0          0          0          0          0          0
  intobj           :       0.00       0.00          0          0          0          0          0          0
  mcf              :       0.00       0.00          0          0          0          0          0          0
  oddcycle         :       0.00       0.00          0          0          0          0          0          0
  rapidlearning    :       0.00       0.00          0          0          0          0          0          0
  strongcg         :       0.00       0.00          0          0          0          0          0          0
  zerohalf         :       0.00       0.00          0          0          0          0          0          0
Pricers            :   ExecTime  SetupTime      Calls       Vars
  problem variables:       0.00          -          0          0
Branching Rules    :   ExecTime  SetupTime   BranchLP  BranchExt   BranchPS    Cutoffs    DomReds       Cuts      Conss   Children
  allfullstrong    :       0.00       0.00          0          0          0          0          0          0          0          0
  fullstrong       :       0.00       0.00          0          0          0          0          0          0          0          0
  inference        :       0.00       0.00          0          0          0          0          0          0          0          0
  leastinf         :       0.00       0.00          0          0          0          0          0          0          0          0
  mostinf          :       0.00       0.00          0          0          0          0          0          0          0          0
  pscost           :       0.00       0.00          0          0          0          0          0          0          0          0
  random           :       0.00       0.00          0          0          0          0          0          0          0          0
  relpscost        :       0.00       0.00          0          0          0          0          0          0          0          0
Primal Heuristics  :   ExecTime  SetupTime      Calls      Found
  LP solutions     :       0.00          -          -          0
  pseudo solutions :       0.00          -          -          0
  actconsdiving    :       0.00       0.00          0          0
  clique           :       0.00       0.00          0          0
  coefdiving       :       0.00       0.00          0          0
  crossover        :       0.00       0.00          0          0
  dins             :       0.00       0.00          0          0
  feaspump         :       0.00       0.00          0          0
  fixandinfer      :       0.00       0.00          0          0
  fracdiving       :       0.00       0.00          0          0
  guideddiving     :       0.00       0.00          0          0
  intdiving        :       0.00       0.00          0          0
  intshifting      :       0.00       0.00          0          0
  linesearchdiving :       0.00       0.00          0          0
  localbranching   :       0.00       0.00          0          0
  mutation         :       0.00       0.00          0          0
  nlpdiving        :       0.00       0.00          0          0
  objpscostdiving  :       0.00       0.00          0          0
  octane           :       0.00       0.00          0          0
  oneopt           :       0.00       0.00          0          0
  pscostdiving     :       0.00       0.00          0          0
  rens             :       0.00       0.00          0          0
  rins             :       0.00       0.00          0          0
  rootsoldiving    :       0.00       0.00          0          0
  rounding         :       0.00       0.00          0          0
  shiftandpropagate:       0.00       0.00          0          0
  shifting         :       0.00       0.00          0          0
  simplerounding   :       0.00       0.00          0          0
  subnlp           :       0.00       0.00          0          0
  trivial          :       0.00       0.00          2          0
  trysol           :       0.00       0.00          0          0
  twoopt           :       0.00       0.00          0          0
  undercover       :       0.00       0.00          0          0
  vbounds          :       0.00       0.00          0          0
  veclendiving     :       0.00       0.00          0          0
  zeroobj          :       0.00       0.00          0          0
  zirounding       :       0.00       0.00          0          0
LP                 :       Time      Calls Iterations  Iter/call   Iter/sec  Time-0-It Calls-0-It
  primal LP        :       0.00          0          0       0.00          -       0.00          0
  dual LP          :       0.01          1        300     300.00   30000.00       0.00          0
  lex dual LP      :       0.00          0          0       0.00          -
  barrier LP       :       0.00          0          0       0.00          -       0.00          0
  diving/probing LP:       0.00          0          0       0.00          -
  strong branching :       0.00          0          0       0.00          -
    (at root node) :          -          0          0       0.00          -
  conflict analysis:       0.00          0          0       0.00          -
B&B Tree           :
  number of runs   :          1
  nodes            :          1
  nodes (total)    :          1
  nodes left       :          0
  max depth        :          0
  max depth (total):          0
  backtracks       :          0 (0.0%)
  delayed cutoffs  :          0
  repropagations   :          0 (0 domain reductions, 0 cutoffs)
  avg switch length:       2.00
  switching time   :       0.00
Solution           :
  Solutions found  :          1 (1 improvements)
  First Solution   : +3.39754567219630e+02   (in run 1, after 1 nodes, 0.03 seconds, depth 0, found by <relaxation>)
  Primal Bound     : +3.39754567219630e+02   (in run 1, after 1 nodes, 0.03 seconds, depth 0, found by <relaxation>)
  Dual Bound       : +3.39754567219630e+02
  Gap              :       0.00 %
  Root Dual Bound  : +3.39754567219630e+02
  Root Iterations  :        300
